[HTTP Bridge] Server running on http://0.0.0.0:9877
[HTTP Bridge] Endpoints: GET /api/health, GET /api/models, GET /api/providers, GET /api/chat/status, POST /api/fetch-all-models, POST /api/set-model, POST /api/chat, POST /api/generate
HTTP bridge ready
[HTTP] POST /api/chat HTTP/1.1 200 -
[HTTP] GET /api/chat/status?message_id=aa7702f0-4af9-4550-ae6e-ff84b85ddcbb HTTP/1.1 200 -
[HTTP] GET /api/chat/status?message_id=aa7702f0-4af9-4550-ae6e-ff84b85ddcbb HTTP/1.1 200 -
[HTTP] POST /api/chat HTTP/1.1 200 -
[HTTP] GET /api/providers HTTP/1.1 200 -
[HTTP] GET /api/chat/status?message_id=39e8e746-088b-43a1-9bc0-cdf9ef55afc3 HTTP/1.1 200 -
[HTTP] GET /api/chat/status?message_id=39e8e746-088b-43a1-9bc0-cdf9ef55afc3 HTTP/1.1 200 -
[HTTP] GET /api/providers HTTP/1.1 200 -
[HTTP] GET /api/health HTTP/1.1 200 -
[HTTP] GET /api/providers HTTP/1.1 200 -
[HTTP] GET /api/health HTTP/1.1 200 -
[HTTP] GET /api/providers HTTP/1.1 200 -
[HTTP] POST /api/fetch-all-models HTTP/1.1 200 -
[HTTP] POST /api/chat HTTP/1.1 200 -
[HTTP] GET /api/chat/status?message_id=14e58e12-4e4a-4f3d-a8ab-afdcfa336093 HTTP/1.1 200 -
[HTTP] GET /api/chat/status?message_id=14e58e12-4e4a-4f3d-a8ab-afdcfa336093 HTTP/1.1 200 -
[HTTP] GET /api/chat/status?message_id=14e58e12-4e4a-4f3d-a8ab-afdcfa336093 HTTP/1.1 200 -
[HTTP] GET /api/chat/status?message_id=14e58e12-4e4a-4f3d-a8ab-afdcfa336093 HTTP/1.1 200 -
[HTTP] GET /api/chat/status?message_id=14e58e12-4e4a-4f3d-a8ab-afdcfa336093 HTTP/1.1 200 -
[HTTP] GET /api/chat/status?message_id=14e58e12-4e4a-4f3d-a8ab-afdcfa336093 HTTP/1.1 200 -
[HTTP] GET /api/chat/status?message_id=14e58e12-4e4a-4f3d-a8ab-afdcfa336093 HTTP/1.1 200 -
[HTTP] GET /api/chat/status?message_id=14e58e12-4e4a-4f3d-a8ab-afdcfa336093 HTTP/1.1 200 -
[HTTP] GET /api/chat/status?message_id=14e58e12-4e4a-4f3d-a8ab-afdcfa336093 HTTP/1.1 200 -
[HTTP] GET /api/chat/status?message_id=14e58e12-4e4a-4f3d-a8ab-afdcfa336093 HTTP/1.1 200 -
[HTTP] GET /api/chat/status?message_id=14e58e12-4e4a-4f3d-a8ab-afdcfa336093 HTTP/1.1 200 -
[HTTP] GET /api/chat/status?message_id=14e58e12-4e4a-4f3d-a8ab-afdcfa336093 HTTP/1.1 200 -
[HTTP] GET /api/chat/status?message_id=14e58e12-4e4a-4f3d-a8ab-afdcfa336093 HTTP/1.1 200 -
[HTTP] GET /api/chat/status?message_id=14e58e12-4e4a-4f3d-a8ab-afdcfa336093 HTTP/1.1 200 -
[HTTP] GET /api/chat/status?message_id=14e58e12-4e4a-4f3d-a8ab-afdcfa336093 HTTP/1.1 200 -
[HTTP] GET /api/chat/status?message_id=14e58e12-4e4a-4f3d-a8ab-afdcfa336093 HTTP/1.1 200 -
[HTTP] GET /api/chat/status?message_id=14e58e12-4e4a-4f3d-a8ab-afdcfa336093 HTTP/1.1 200 -
[HTTP] GET /api/chat/status?message_id=14e58e12-4e4a-4f3d-a8ab-afdcfa336093 HTTP/1.1 200 -
[HTTP] GET /api/chat/status?message_id=14e58e12-4e4a-4f3d-a8ab-afdcfa336093 HTTP/1.1 200 -
[HTTP] GET /api/chat/status?message_id=14e58e12-4e4a-4f3d-a8ab-afdcfa336093 HTTP/1.1 200 -
[HTTP] GET /api/chat/status?message_id=14e58e12-4e4a-4f3d-a8ab-afdcfa336093 HTTP/1.1 200 -
[HTTP] GET /api/chat/status?message_id=14e58e12-4e4a-4f3d-a8ab-afdcfa336093 HTTP/1.1 200 -
[HTTP] GET /api/chat/status?message_id=14e58e12-4e4a-4f3d-a8ab-afdcfa336093 HTTP/1.1 200 -
[HTTP] GET /api/chat/status?message_id=14e58e12-4e4a-4f3d-a8ab-afdcfa336093 HTTP/1.1 200 -
[HTTP] GET /api/chat/status?message_id=14e58e12-4e4a-4f3d-a8ab-afdcfa336093 HTTP/1.1 200 -
[HTTP] GET /api/chat/status?message_id=14e58e12-4e4a-4f3d-a8ab-afdcfa336093 HTTP/1.1 200 -
[HTTP] GET /api/chat/status?message_id=14e58e12-4e4a-4f3d-a8ab-afdcfa336093 HTTP/1.1 200 -
[HTTP] GET /api/chat/status?message_id=14e58e12-4e4a-4f3d-a8ab-afdcfa336093 HTTP/1.1 200 -
[HTTP] GET /api/chat/status?message_id=14e58e12-4e4a-4f3d-a8ab-afdcfa336093 HTTP/1.1 200 -
[HTTP] GET /api/chat/status?message_id=14e58e12-4e4a-4f3d-a8ab-afdcfa336093 HTTP/1.1 200 -
[HTTP] GET /api/chat/status?message_id=14e58e12-4e4a-4f3d-a8ab-afdcfa336093 HTTP/1.1 200 -
[HTTP] GET /api/chat/status?message_id=14e58e12-4e4a-4f3d-a8ab-afdcfa336093 HTTP/1.1 200 -
[HTTP] GET /api/chat/status?message_id=14e58e12-4e4a-4f3d-a8ab-afdcfa336093 HTTP/1.1 200 -
[HTTP] GET /api/chat/status?message_id=14e58e12-4e4a-4f3d-a8ab-afdcfa336093 HTTP/1.1 200 -
[HTTP] GET /api/chat/status?message_id=14e58e12-4e4a-4f3d-a8ab-afdcfa336093 HTTP/1.1 200 -
[HTTP] GET /api/chat/status?message_id=14e58e12-4e4a-4f3d-a8ab-afdcfa336093 HTTP/1.1 200 -
[HTTP] GET /api/chat/status?message_id=14e58e12-4e4a-4f3d-a8ab-afdcfa336093 HTTP/1.1 200 -
[HTTP] GET /api/chat/status?message_id=14e58e12-4e4a-4f3d-a8ab-afdcfa336093 HTTP/1.1 200 -
[HTTP] GET /api/chat/status?message_id=14e58e12-4e4a-4f3d-a8ab-afdcfa336093 HTTP/1.1 200 -
[HTTP] GET /api/chat/status?message_id=14e58e12-4e4a-4f3d-a8ab-afdcfa336093 HTTP/1.1 200 -
[HTTP] GET /api/chat/status?message_id=14e58e12-4e4a-4f3d-a8ab-afdcfa336093 HTTP/1.1 200 -
[HTTP] GET /api/chat/status?message_id=14e58e12-4e4a-4f3d-a8ab-afdcfa336093 HTTP/1.1 200 -
[HTTP] GET /api/chat/status?message_id=14e58e12-4e4a-4f3d-a8ab-afdcfa336093 HTTP/1.1 200 -
[HTTP] GET /api/chat/status?message_id=14e58e12-4e4a-4f3d-a8ab-afdcfa336093 HTTP/1.1 200 -
[HTTP] GET /api/chat/status?message_id=14e58e12-4e4a-4f3d-a8ab-afdcfa336093 HTTP/1.1 200 -
[HTTP] GET /api/chat/status?message_id=14e58e12-4e4a-4f3d-a8ab-afdcfa336093 HTTP/1.1 200 -
[HTTP] GET /api/chat/status?message_id=14e58e12-4e4a-4f3d-a8ab-afdcfa336093 HTTP/1.1 200 -
[HTTP] GET /api/chat/status?message_id=14e58e12-4e4a-4f3d-a8ab-afdcfa336093 HTTP/1.1 200 -
[HTTP] GET /api/chat/status?message_id=14e58e12-4e4a-4f3d-a8ab-afdcfa336093 HTTP/1.1 200 -
[HTTP] GET /api/chat/status?message_id=14e58e12-4e4a-4f3d-a8ab-afdcfa336093 HTTP/1.1 200 -
[HTTP] GET /api/chat/status?message_id=14e58e12-4e4a-4f3d-a8ab-afdcfa336093 HTTP/1.1 200 -
[HTTP] GET /api/chat/status?message_id=14e58e12-4e4a-4f3d-a8ab-afdcfa336093 HTTP/1.1 200 -
[HTTP] GET /api/chat/status?message_id=14e58e12-4e4a-4f3d-a8ab-afdcfa336093 HTTP/1.1 200 -
[HTTP] GET /api/chat/status?message_id=14e58e12-4e4a-4f3d-a8ab-afdcfa336093 HTTP/1.1 200 -
[HTTP] GET /api/chat/status?message_id=14e58e12-4e4a-4f3d-a8ab-afdcfa336093 HTTP/1.1 200 -
[HTTP] GET /api/chat/status?message_id=14e58e12-4e4a-4f3d-a8ab-afdcfa336093 HTTP/1.1 200 -
[HTTP] GET /api/chat/status?message_id=14e58e12-4e4a-4f3d-a8ab-afdcfa336093 HTTP/1.1 200 -
[HTTP] GET /api/chat/status?message_id=14e58e12-4e4a-4f3d-a8ab-afdcfa336093 HTTP/1.1 200 -
[HTTP] GET /api/chat/status?message_id=14e58e12-4e4a-4f3d-a8ab-afdcfa336093 HTTP/1.1 200 -
[HTTP] GET /api/chat/status?message_id=14e58e12-4e4a-4f3d-a8ab-afdcfa336093 HTTP/1.1 200 -
[HTTP] GET /api/chat/status?message_id=14e58e12-4e4a-4f3d-a8ab-afdcfa336093 HTTP/1.1 200 -
[HTTP] GET /api/chat/status?message_id=14e58e12-4e4a-4f3d-a8ab-afdcfa336093 HTTP/1.1 200 -
[HTTP] GET /api/chat/status?message_id=14e58e12-4e4a-4f3d-a8ab-afdcfa336093 HTTP/1.1 200 -
[HTTP] GET /api/chat/status?message_id=14e58e12-4e4a-4f3d-a8ab-afdcfa336093 HTTP/1.1 200 -
[HTTP] GET /api/chat/status?message_id=14e58e12-4e4a-4f3d-a8ab-afdcfa336093 HTTP/1.1 200 -
[HTTP] GET /api/chat/status?message_id=14e58e12-4e4a-4f3d-a8ab-afdcfa336093 HTTP/1.1 200 -
[HTTP] GET /api/chat/status?message_id=14e58e12-4e4a-4f3d-a8ab-afdcfa336093 HTTP/1.1 200 -
[HTTP] GET /api/chat/status?message_id=14e58e12-4e4a-4f3d-a8ab-afdcfa336093 HTTP/1.1 200 -
[HTTP] GET /api/chat/status?message_id=14e58e12-4e4a-4f3d-a8ab-afdcfa336093 HTTP/1.1 200 -
[HTTP] GET /api/chat/status?message_id=14e58e12-4e4a-4f3d-a8ab-afdcfa336093 HTTP/1.1 200 -
[HTTP] GET /api/chat/status?message_id=14e58e12-4e4a-4f3d-a8ab-afdcfa336093 HTTP/1.1 200 -
[HTTP] GET /api/chat/status?message_id=14e58e12-4e4a-4f3d-a8ab-afdcfa336093 HTTP/1.1 200 -
[HTTP] GET /api/chat/status?message_id=14e58e12-4e4a-4f3d-a8ab-afdcfa336093 HTTP/1.1 200 -
[HTTP] GET /api/chat/status?message_id=14e58e12-4e4a-4f3d-a8ab-afdcfa336093 HTTP/1.1 200 -
[HTTP] GET /api/chat/status?message_id=14e58e12-4e4a-4f3d-a8ab-afdcfa336093 HTTP/1.1 200 -
[HTTP] GET /api/chat/status?message_id=14e58e12-4e4a-4f3d-a8ab-afdcfa336093 HTTP/1.1 200 -
[HTTP] GET /api/chat/status?message_id=14e58e12-4e4a-4f3d-a8ab-afdcfa336093 HTTP/1.1 200 -
[HTTP] GET /api/chat/status?message_id=14e58e12-4e4a-4f3d-a8ab-afdcfa336093 HTTP/1.1 200 -
[HTTP] GET /api/chat/status?message_id=14e58e12-4e4a-4f3d-a8ab-afdcfa336093 HTTP/1.1 200 -
[HTTP] GET /api/chat/status?message_id=14e58e12-4e4a-4f3d-a8ab-afdcfa336093 HTTP/1.1 200 -
[HTTP] GET /api/chat/status?message_id=14e58e12-4e4a-4f3d-a8ab-afdcfa336093 HTTP/1.1 200 -
[HTTP] GET /api/chat/status?message_id=14e58e12-4e4a-4f3d-a8ab-afdcfa336093 HTTP/1.1 200 -